  Game.cpp
d:\ben\ggp assignments\group project\graphicstargetpractice\gamegraphicsengine\entity.h(3): warning C4067: unexpected tokens following preprocessor directive - expected a newline
d:\ben\ggp assignments\group project\graphicstargetpractice\gamegraphicsengine\entity.h(4): warning C4067: unexpected tokens following preprocessor directive - expected a newline
d:\ben\ggp assignments\group project\graphicstargetpractice\gamegraphicsengine\camera.h(2): warning C4067: unexpected tokens following preprocessor directive - expected a newline
d:\ben\ggp assignments\group project\graphicstargetpractice\gamegraphicsengine\camera.h(3): warning C4067: unexpected tokens following preprocessor directive - expected a newline
d:\ben\ggp assignments\group project\graphicstargetpractice\gamegraphicsengine\camera.h(4): warning C4067: unexpected tokens following preprocessor directive - expected a newline
d:\ben\ggp assignments\group project\graphicstargetpractice\gamegraphicsengine\lights.h(2): warning C4067: unexpected tokens following preprocessor directive - expected a newline
d:\ben\ggp assignments\group project\graphicstargetpractice\gamegraphicsengine\player.h(2): warning C4067: unexpected tokens following preprocessor directive - expected a newline
d:\ben\ggp assignments\group project\graphicstargetpractice\gamegraphicsengine\player.h(3): warning C4067: unexpected tokens following preprocessor directive - expected a newline
d:\ben\ggp assignments\group project\graphicstargetpractice\gamegraphicsengine\player.h(4): warning C4067: unexpected tokens following preprocessor directive - expected a newline
d:\ben\ggp assignments\group project\graphicstargetpractice\gamegraphicsengine\target.h(2): warning C4067: unexpected tokens following preprocessor directive - expected a newline
d:\ben\ggp assignments\group project\graphicstargetpractice\gamegraphicsengine\game.cpp(77): warning C4018: '<': signed/unsigned mismatch
d:\ben\ggp assignments\group project\graphicstargetpractice\gamegraphicsengine\game.cpp(136): warning C4305: 'argument': truncation from 'double' to 'float'
d:\ben\ggp assignments\group project\graphicstargetpractice\gamegraphicsengine\game.cpp(160): warning C4305: 'argument': truncation from 'double' to 'float'
d:\ben\ggp assignments\group project\graphicstargetpractice\gamegraphicsengine\game.cpp(248): warning C4244: 'argument': conversion from 'unsigned int' to 'float', possible loss of data
d:\ben\ggp assignments\group project\graphicstargetpractice\gamegraphicsengine\game.cpp(306): warning C4244: 'argument': conversion from 'unsigned int' to 'float', possible loss of data
d:\ben\ggp assignments\group project\graphicstargetpractice\gamegraphicsengine\game.cpp(411): warning C4018: '<': signed/unsigned mismatch
d:\ben\ggp assignments\group project\graphicstargetpractice\gamegraphicsengine\game.cpp(413): warning C4018: '<': signed/unsigned mismatch
d:\ben\ggp assignments\group project\graphicstargetpractice\gamegraphicsengine\game.cpp(490): warning C4018: '<': signed/unsigned mismatch
d:\ben\ggp assignments\group project\graphicstargetpractice\gamegraphicsengine\game.cpp(492): warning C4018: '<': signed/unsigned mismatch
d:\ben\ggp assignments\group project\graphicstargetpractice\gamegraphicsengine\game.cpp(543): warning C4244: 'initializing': conversion from 'LONG' to 'float', possible loss of data
d:\ben\ggp assignments\group project\graphicstargetpractice\gamegraphicsengine\game.cpp(544): warning C4244: 'initializing': conversion from 'LONG' to 'float', possible loss of data
  DX11Starter.vcxproj -> D:\Ben\GGP Assignments\Group Project\GraphicsTargetPractice\GameGraphicsEngine\Debug\DX11Starter.exe
  DX11Starter.vcxproj -> D:\Ben\GGP Assignments\Group Project\GraphicsTargetPractice\GameGraphicsEngine\Debug\DX11Starter.pdb (Full PDB)
